d:\opengl_sdl gameprogramming study\gameprogramming_in_cpp--opengl_and_sdl\chapter2\chapter2\debug\chapter2.pch
d:\opengl_sdl gameprogramming study\gameprogramming_in_cpp--opengl_and_sdl\chapter2\chapter2\debug\vc141.pdb
d:\opengl_sdl gameprogramming study\gameprogramming_in_cpp--opengl_and_sdl\chapter2\chapter2\debug\vc141.idb
d:\opengl_sdl gameprogramming study\gameprogramming_in_cpp--opengl_and_sdl\chapter2\chapter2\debug\pch.obj
d:\opengl_sdl gameprogramming study\gameprogramming_in_cpp--opengl_and_sdl\chapter2\chapter2\debug\spritecomponent.obj
d:\opengl_sdl gameprogramming study\gameprogramming_in_cpp--opengl_and_sdl\chapter2\chapter2\debug\ship.obj
d:\opengl_sdl gameprogramming study\gameprogramming_in_cpp--opengl_and_sdl\chapter2\chapter2\debug\math.obj
d:\opengl_sdl gameprogramming study\gameprogramming_in_cpp--opengl_and_sdl\chapter2\chapter2\debug\game.obj
d:\opengl_sdl gameprogramming study\gameprogramming_in_cpp--opengl_and_sdl\chapter2\chapter2\debug\component.obj
d:\opengl_sdl gameprogramming study\gameprogramming_in_cpp--opengl_and_sdl\chapter2\chapter2\debug\chapter2.obj
d:\opengl_sdl gameprogramming study\gameprogramming_in_cpp--opengl_and_sdl\chapter2\chapter2\debug\bgspritecomponent.obj
d:\opengl_sdl gameprogramming study\gameprogramming_in_cpp--opengl_and_sdl\chapter2\chapter2\debug\animspritecomponent.obj
d:\opengl_sdl gameprogramming study\gameprogramming_in_cpp--opengl_and_sdl\chapter2\chapter2\debug\actor.obj
d:\opengl_sdl gameprogramming study\gameprogramming_in_cpp--opengl_and_sdl\chapter2\chapter2\debug\.netframework,version=v4.0.assemblyattributes.obj
d:\opengl_sdl gameprogramming study\gameprogramming_in_cpp--opengl_and_sdl\chapter2\chapter2\debug\.netframework,version=v4.0.assemblyattributes.asm
d:\opengl_sdl gameprogramming study\gameprogramming_in_cpp--opengl_and_sdl\chapter2\debug\chapter2.exe
d:\opengl_sdl gameprogramming study\gameprogramming_in_cpp--opengl_and_sdl\chapter2\debug\chapter2.pdb
d:\opengl_sdl gameprogramming study\gameprogramming_in_cpp--opengl_and_sdl\chapter2\chapter2\debug\chapter2.vcxprojassemblyreference.cache
d:\opengl_sdl gameprogramming study\gameprogramming_in_cpp--opengl_and_sdl\chapter2\chapter2\debug\chapter2.tlog\cl.command.1.tlog
d:\opengl_sdl gameprogramming study\gameprogramming_in_cpp--opengl_and_sdl\chapter2\chapter2\debug\chapter2.tlog\cl.read.1.tlog
d:\opengl_sdl gameprogramming study\gameprogramming_in_cpp--opengl_and_sdl\chapter2\chapter2\debug\chapter2.tlog\cl.write.1.tlog
d:\opengl_sdl gameprogramming study\gameprogramming_in_cpp--opengl_and_sdl\chapter2\chapter2\debug\chapter2.tlog\link.command.1.tlog
d:\opengl_sdl gameprogramming study\gameprogramming_in_cpp--opengl_and_sdl\chapter2\chapter2\debug\chapter2.tlog\link.read.1.tlog
d:\opengl_sdl gameprogramming study\gameprogramming_in_cpp--opengl_and_sdl\chapter2\chapter2\debug\chapter2.tlog\link.write.1.tlog
d:\opengl_sdl gameprogramming study\gameprogramming_in_cpp--opengl_and_sdl\chapter2\chapter2\debug\chapter2.tlog\metagen.read.1.tlog
d:\opengl_sdl gameprogramming study\gameprogramming_in_cpp--opengl_and_sdl\chapter2\chapter2\debug\chapter2.tlog\metagen.write.1.tlog
